  [1m[35m (1.3ms)[0m  [1m[35mCREATE TABLE "schema_migrations" ("version" varchar NOT NULL PRIMARY KEY)[0m
  [1m[35m (1.0ms)[0m  [1m[35mCREATE TABLE "ar_internal_metadata" ("key" varchar NOT NULL PRIMARY KEY, "value" varchar, "created_at" datetime NOT NULL, "updated_at" datetime NOT NULL)[0m
  [1m[36mActiveRecord::SchemaMigration Load (0.2ms)[0m  [1m[34mSELECT "schema_migrations".* FROM "schema_migrations"[0m
Migrating to CreateTodos (20161129192043)
  [1m[35m (0.1ms)[0m  [1m[36mbegin transaction[0m
  [1m[35m (0.5ms)[0m  [1m[35mCREATE TABLE "todos" ("id" INTEGER PRIMARY KEY AUTOINCREMENT NOT NULL, "title" varchar, "notes" text, "created_at" datetime NOT NULL, "updated_at" datetime NOT NULL)[0m
  [1m[35mSQL (0.1ms)[0m  [1m[32mINSERT INTO "schema_migrations" ("version") VALUES (?)[0m  [["version", "20161129192043"]]
  [1m[35m (0.9ms)[0m  [1m[36mcommit transaction[0m
  [1m[36mActiveRecord::InternalMetadata Load (0.1ms)[0m  [1m[34mSELECT  "ar_internal_metadata".* FROM "ar_internal_metadata" WHERE "ar_internal_metadata"."key" = ? LIMIT ?[0m  [["key", :environment], ["LIMIT", 1]]
  [1m[35m (0.1ms)[0m  [1m[36mbegin transaction[0m
  [1m[35mSQL (0.4ms)[0m  [1m[32mINSERT INTO "ar_internal_metadata" ("key", "value", "created_at", "updated_at") VALUES (?, ?, ?, ?)[0m  [["key", "environment"], ["value", "development"], ["created_at", 2016-11-29 19:21:41 UTC], ["updated_at", 2016-11-29 19:21:41 UTC]]
  [1m[35m (0.8ms)[0m  [1m[36mcommit transaction[0m
  [1m[36mActiveRecord::SchemaMigration Load (0.1ms)[0m  [1m[34mSELECT "schema_migrations".* FROM "schema_migrations"[0m
  [1m[36mActiveRecord::SchemaMigration Load (0.1ms)[0m  [1m[34mSELECT "schema_migrations".* FROM "schema_migrations"[0m
  [1m[35m (0.0ms)[0m  [1m[36mbegin transaction[0m
  [1m[35mSQL (1.5ms)[0m  [1m[32mINSERT INTO "todos" ("title", "notes", "created_at", "updated_at") VALUES (?, ?, ?, ?)[0m  [["title", "update personal website"], ["notes", "Gaussian blur on header image, add new projects, update github entries"], ["created_at", 2016-11-29 19:27:05 UTC], ["updated_at", 2016-11-29 19:27:05 UTC]]
  [1m[35m (4.0ms)[0m  [1m[36mcommit transaction[0m
  [1m[35m (0.1ms)[0m  [1m[36mbegin transaction[0m
  [1m[35mSQL (0.3ms)[0m  [1m[32mINSERT INTO "todos" ("title", "created_at", "updated_at") VALUES (?, ?, ?)[0m  [["title", "fill car up with petrol"], ["created_at", 2016-11-29 19:27:05 UTC], ["updated_at", 2016-11-29 19:27:05 UTC]]
  [1m[35m (0.7ms)[0m  [1m[36mcommit transaction[0m
  [1m[35m (0.0ms)[0m  [1m[36mbegin transaction[0m
  [1m[35mSQL (0.2ms)[0m  [1m[32mINSERT INTO "todos" ("title", "notes", "created_at", "updated_at") VALUES (?, ?, ?, ?)[0m  [["title", "get christmas presents in"], ["notes", "dad, mum, claudia, sarah"], ["created_at", 2016-11-29 19:27:05 UTC], ["updated_at", 2016-11-29 19:27:05 UTC]]
  [1m[35m (0.8ms)[0m  [1m[36mcommit transaction[0m
  [1m[36mActiveRecord::SchemaMigration Load (0.1ms)[0m  [1m[34mSELECT "schema_migrations".* FROM "schema_migrations"[0m
  [1m[35m (0.0ms)[0m  [1m[36mbegin transaction[0m
  [1m[35mSQL (0.5ms)[0m  [1m[32mINSERT INTO "todos" ("title", "notes", "created_at", "updated_at") VALUES (?, ?, ?, ?)[0m  [["title", "update personal website"], ["notes", "Gaussian blur on header image, add new projects, update github entries"], ["created_at", 2016-11-29 19:27:19 UTC], ["updated_at", 2016-11-29 19:27:19 UTC]]
  [1m[35m (4.0ms)[0m  [1m[36mcommit transaction[0m
  [1m[35m (0.1ms)[0m  [1m[36mbegin transaction[0m
  [1m[35mSQL (0.3ms)[0m  [1m[32mINSERT INTO "todos" ("title", "created_at", "updated_at") VALUES (?, ?, ?)[0m  [["title", "fill car up with petrol"], ["created_at", 2016-11-29 19:27:19 UTC], ["updated_at", 2016-11-29 19:27:19 UTC]]
  [1m[35m (0.7ms)[0m  [1m[36mcommit transaction[0m
  [1m[35m (0.0ms)[0m  [1m[36mbegin transaction[0m
  [1m[35mSQL (0.2ms)[0m  [1m[32mINSERT INTO "todos" ("title", "notes", "created_at", "updated_at") VALUES (?, ?, ?, ?)[0m  [["title", "get christmas presents in"], ["notes", "dad, mum, claudia, sarah"], ["created_at", 2016-11-29 19:27:19 UTC], ["updated_at", 2016-11-29 19:27:19 UTC]]
  [1m[35m (0.7ms)[0m  [1m[36mcommit transaction[0m
Started GET "/" for ::1 at 2016-11-29 19:30:10 +0000
  [1m[36mActiveRecord::SchemaMigration Load (0.2ms)[0m  [1m[34mSELECT "schema_migrations".* FROM "schema_migrations"[0m
Processing by TodosController#index as HTML
  Rendering todos/index.html.erb within layouts/application
  [1m[36mTodo Load (0.3ms)[0m  [1m[34mSELECT "todos".* FROM "todos"[0m
  Rendered todos/index.html.erb within layouts/application (17.2ms)
Completed 200 OK in 881ms (Views: 868.6ms | ActiveRecord: 0.8ms)


Started DELETE "/todos/4" for ::1 at 2016-11-29 19:30:20 +0000
Processing by TodosController#destroy as HTML
  Parameters: {"authenticity_token"=>"wBDzmR6HIhDvAKSD094t/OLtB09R8LQFlNR30xwM0EH0RX3wC7vjjgSg6LrNeZgzoAjVEJDWNlZ5yTAvnuQH+g==", "id"=>"4"}
  [1m[36mTodo Load (0.3ms)[0m  [1m[34mSELECT  "todos".* FROM "todos" WHERE "todos"."id" = ? LIMIT ?[0m  [["id", 4], ["LIMIT", 1]]
  [1m[35m (0.1ms)[0m  [1m[36mbegin transaction[0m
  [1m[35mSQL (0.6ms)[0m  [1m[31mDELETE FROM "todos" WHERE "todos"."id" = ?[0m  [["id", 4]]
  [1m[35m (0.9ms)[0m  [1m[36mcommit transaction[0m
Redirected to http://localhost:3000/todos
Completed 302 Found in 11ms (ActiveRecord: 2.0ms)


Started GET "/todos" for ::1 at 2016-11-29 19:30:20 +0000
Processing by TodosController#index as HTML
  Rendering todos/index.html.erb within layouts/application
  [1m[36mTodo Load (0.4ms)[0m  [1m[34mSELECT "todos".* FROM "todos"[0m
  Rendered todos/index.html.erb within layouts/application (4.9ms)
Completed 200 OK in 61ms (Views: 59.0ms | ActiveRecord: 0.4ms)


Started DELETE "/todos/5" for ::1 at 2016-11-29 19:30:22 +0000
Processing by TodosController#destroy as HTML
  Parameters: {"authenticity_token"=>"u/q3FjFxHeiA2GiVjTQd5FNZwxBRfh7q1SVzRAEjD1mPrzl/JE3cdmt4JKyTk6grEbwRT5BYnLk4ODS4g8vY4g==", "id"=>"5"}
  [1m[36mTodo Load (0.3ms)[0m  [1m[34mSELECT  "todos".* FROM "todos" WHERE "todos"."id" = ? LIMIT ?[0m  [["id", 5], ["LIMIT", 1]]
  [1m[35m (0.1ms)[0m  [1m[36mbegin transaction[0m
  [1m[35mSQL (0.4ms)[0m  [1m[31mDELETE FROM "todos" WHERE "todos"."id" = ?[0m  [["id", 5]]
  [1m[35m (3.5ms)[0m  [1m[36mcommit transaction[0m
Redirected to http://localhost:3000/todos
Completed 302 Found in 9ms (ActiveRecord: 4.3ms)


Started GET "/todos" for ::1 at 2016-11-29 19:30:22 +0000
Processing by TodosController#index as HTML
  Rendering todos/index.html.erb within layouts/application
  [1m[36mTodo Load (0.3ms)[0m  [1m[34mSELECT "todos".* FROM "todos"[0m
  Rendered todos/index.html.erb within layouts/application (3.1ms)
Completed 200 OK in 38ms (Views: 35.6ms | ActiveRecord: 0.3ms)


Started DELETE "/todos/6" for ::1 at 2016-11-29 19:30:25 +0000
Processing by TodosController#destroy as HTML
  Parameters: {"authenticity_token"=>"mpBiQTa3R/Xb23UM0qltMkYFXLr7XlOMfR3awUF6xuyuxewoI4uGazB7OTXMDtj9BOCO5Tp40d+QAJ09w5IRVw==", "id"=>"6"}
  [1m[36mTodo Load (0.8ms)[0m  [1m[34mSELECT  "todos".* FROM "todos" WHERE "todos"."id" = ? LIMIT ?[0m  [["id", 6], ["LIMIT", 1]]
  [1m[35m (0.0ms)[0m  [1m[36mbegin transaction[0m
  [1m[35mSQL (0.3ms)[0m  [1m[31mDELETE FROM "todos" WHERE "todos"."id" = ?[0m  [["id", 6]]
  [1m[35m (6.8ms)[0m  [1m[36mcommit transaction[0m
Redirected to http://localhost:3000/todos
Completed 302 Found in 12ms (ActiveRecord: 8.0ms)


Started GET "/todos" for ::1 at 2016-11-29 19:30:25 +0000
Processing by TodosController#index as HTML
  Rendering todos/index.html.erb within layouts/application
  [1m[36mTodo Load (0.2ms)[0m  [1m[34mSELECT "todos".* FROM "todos"[0m
  Rendered todos/index.html.erb within layouts/application (4.2ms)
Completed 200 OK in 41ms (Views: 38.5ms | ActiveRecord: 0.2ms)


Started GET "/todos" for ::1 at 2016-11-29 19:36:56 +0000
  [1m[36mActiveRecord::SchemaMigration Load (0.2ms)[0m  [1m[34mSELECT "schema_migrations".* FROM "schema_migrations"[0m
Processing by TodosController#index as HTML
  Rendering todos/index.html.erb within layouts/application
  [1m[36mTodo Load (0.2ms)[0m  [1m[34mSELECT "todos".* FROM "todos"[0m
  Rendered todos/index.html.erb within layouts/application (12.3ms)
Started GET "/todos" for ::1 at 2016-11-29 19:36:59 +0000
Processing by TodosController#index as HTML
  Rendering todos/index.html.erb within layouts/application
  [1m[36mTodo Load (0.5ms)[0m  [1m[34mSELECT "todos".* FROM "todos"[0m
  Rendered todos/index.html.erb within layouts/application (4.2ms)
Completed 200 OK in 8914ms (Views: 8897.9ms | ActiveRecord: 0.9ms)


Completed 200 OK in 6645ms (Views: 6639.9ms | ActiveRecord: 0.5ms)


